<?xml version="1.0" encoding="UTF-8"?>
<!-- Generated by org.testng.reporters.JUnitReportReporter -->
<testsuite hostname="LMMUMLP1233" failures="0" tests="1" name="AppiumPac1.E2E_Appium" time="56.652" errors="0" timestamp="2024-02-04T16:03:05 IST" skipped="0">
  <testcase classname="AppiumPac1.E2E_Appium" name="f" time="56.652"/>
</testsuite> <!-- AppiumPac1.E2E_Appium -->
